<?xml version="1.0" encoding="UTF-8"?>
<!-- Generated by org.testng.reporters.JUnitReportReporter -->
<testsuite hostname="QB-IPL-2735" failures="0" tests="2" name="com.qburst.testing.automationcore.testng.BrowserTest" time="21.341" errors="0" timestamp="2023-04-03T14:22:34 IST" skipped="0">
  <testcase classname="com.qburst.testing.automationcore.testng.BrowserTest" name="vefifyBrowser" time="8.466"/>
  <system-out/>
  <testcase classname="com.qburst.testing.automationcore.testng.BrowserTest" name="vefifyBrowser" time="12.875"/>
  <system-out/>
</testsuite> <!-- com.qburst.testing.automationcore.testng.BrowserTest -->
